Build started 9/21/2016 5:45:41 PM.
     1>Project "D:\OOP\OOP lab 1 replace\OOP lab 1 replace\OOP lab 1 replace.vcxproj" on node 2 (build target(s)).
     1>InitializeBuildStatus:
         Creating "Debug\OOP lab 1 replace.unsuccessfulbuild" because "AlwaysCreate" was specified.
       ClCompile:
         D:\Visual Studia 2010\VC\bin\CL.exe /c /ZI /nologo /W3 /WX- /Od /Oy- /D WIN32 /D _DEBUG /D _CONSOLE /D _UNICODE /D UNICODE /Gm /EHsc /RTC1 /MDd /GS /fp:precise /Zc:wchar_t /Zc:forScope /Yc"StdAfx.h" /Fp"Debug\OOP lab 1 replace.pch" /Fo"Debug\\" /Fd"Debug\vc100.pdb" /Gd /TP /analyze- /errorReport:prompt stdafx.cpp
         stdafx.cpp
         D:\Visual Studia 2010\VC\bin\CL.exe /c /ZI /nologo /W3 /WX- /Od /Oy- /D WIN32 /D _DEBUG /D _CONSOLE /D _UNICODE /D UNICODE /Gm /EHsc /RTC1 /MDd /GS /fp:precise /Zc:wchar_t /Zc:forScope /Yu"StdAfx.h" /Fp"Debug\OOP lab 1 replace.pch" /Fo"Debug\\" /Fd"Debug\vc100.pdb" /Gd /TP /analyze- /errorReport:prompt "OOP lab 1 replace.cpp"
         OOP lab 1 replace.cpp
       ManifestResourceCompile:
         C:\Program Files\Microsoft SDKs\Windows\v7.0A\bin\rc.exe /nologo /fo"Debug\OOP lab 1 replace.exe.embed.manifest.res" "Debug\OOP lab 1 replace_manifest.rc" 
       Link:
         D:\Visual Studia 2010\VC\bin\link.exe /ERRORREPORT:PROMPT /OUT:"D:\OOP\OOP lab 1 replace\Debug\OOP lab 1 replace.exe" /INCREMENTAL /NOLOGO kernel32.lib user32.lib gdi32.lib winspool.lib comdlg32.lib advapi32.lib shell32.lib ole32.lib oleaut32.lib uuid.lib odbc32.lib odbccp32.lib /MANIFEST /ManifestFile:"Debug\OOP lab 1 replace.exe.intermediate.manifest" /MANIFESTUAC:"level='asInvoker' uiAccess='false'" /DEBUG /PDB:"D:\OOP\OOP lab 1 replace\Debug\OOP lab 1 replace.pdb" /SUBSYSTEM:CONSOLE /TLBID:1 /DYNAMICBASE /NXCOMPAT /IMPLIB:"D:\OOP\OOP lab 1 replace\Debug\OOP lab 1 replace.lib" /MACHINE:X86 "Debug\OOP lab 1 replace.exe.embed.manifest.res"
         "Debug\OOP lab 1 replace.obj"
         Debug\stdafx.obj
       Manifest:
         C:\Program Files\Microsoft SDKs\Windows\v7.0A\bin\mt.exe /nologo /verbose /out:"Debug\OOP lab 1 replace.exe.embed.manifest" /manifest "Debug\OOP lab 1 replace.exe.intermediate.manifest"
         C:\Program Files\Microsoft SDKs\Windows\v7.0A\bin\rc.exe /nologo /fo"Debug\OOP lab 1 replace.exe.embed.manifest.res" "Debug\OOP lab 1 replace_manifest.rc" 
       LinkEmbedManifest:
         D:\Visual Studia 2010\VC\bin\link.exe /ERRORREPORT:PROMPT /OUT:"D:\OOP\OOP lab 1 replace\Debug\OOP lab 1 replace.exe" /INCREMENTAL /NOLOGO kernel32.lib user32.lib gdi32.lib winspool.lib comdlg32.lib advapi32.lib shell32.lib ole32.lib oleaut32.lib uuid.lib odbc32.lib odbccp32.lib /MANIFEST /ManifestFile:"Debug\OOP lab 1 replace.exe.intermediate.manifest" /MANIFESTUAC:"level='asInvoker' uiAccess='false'" /DEBUG /PDB:"D:\OOP\OOP lab 1 replace\Debug\OOP lab 1 replace.pdb" /SUBSYSTEM:CONSOLE /TLBID:1 /DYNAMICBASE /NXCOMPAT /IMPLIB:"D:\OOP\OOP lab 1 replace\Debug\OOP lab 1 replace.lib" /MACHINE:X86 "Debug\OOP lab 1 replace.exe.embed.manifest.res"
         "Debug\OOP lab 1 replace.obj"
         Debug\stdafx.obj
         OOP lab 1 replace.vcxproj -> D:\OOP\OOP lab 1 replace\Debug\OOP lab 1 replace.exe
       FinalizeBuildStatus:
         Deleting file "Debug\OOP lab 1 replace.unsuccessfulbuild".
         Touching "Debug\OOP lab 1 replace.lastbuildstate".
     1>Done Building Project "D:\OOP\OOP lab 1 replace\OOP lab 1 replace\OOP lab 1 replace.vcxproj" (build target(s)).

Build succeeded.

Time Elapsed 00:00:07.53
